This file contains any messages produced by compilers while
running configure, to aid debugging if configure makes a mistake.

It was created by gtalk configure 1.5, which was
generated by GNU Autoconf 2.59.  Invocation command line was

  $ ./configure 

## --------- ##
## Platform. ##
## --------- ##

hostname = hippo
uname -m = i686
uname -r = 2.4.20-8smp
uname -s = Linux
uname -v = #1 SMP Thu Mar 13 17:45:54 EST 2003

/usr/bin/uname -p = unknown
/bin/uname -X     = unknown

/bin/arch              = i686
/usr/bin/arch -k       = unknown
/usr/convex/getsysinfo = unknown
hostinfo               = unknown
/bin/machine           = unknown
/usr/bin/oslevel       = unknown
/bin/universe          = unknown

PATH: .
PATH: /home/yama/bin
PATH: /home/yama/bin/REDHAT9.0bin
PATH: /usr/local/binsp
PATH: /usr/local/HTK2.2_REF/bin
PATH: /usr/local/bin
PATH: /usr/java/j2sdk1.4.2_02/bin
PATH: /usr/bin/X11
PATH: /usr/local/bin/mh
PATH: /usr/bin
PATH: /usr/ucb
PATH: /bin
PATH: /usr/etc


## ----------- ##
## Core tests. ##
## ----------- ##

configure:1403: checking for gcc
configure:1419: found /usr/bin/gcc
configure:1429: result: gcc
configure:1673: checking for C compiler version
configure:1676: gcc --version </dev/null >&5
gcc (GCC) 3.2.2 20030222 (Red Hat Linux 3.2.2-5)
Copyright (C) 2002 Free Software Foundation, Inc.
This is free software; see the source for copying conditions.  There is NO
warranty; not even for MERCHANTABILITY or FITNESS FOR A PARTICULAR PURPOSE.

configure:1679: $? = 0
configure:1681: gcc -v </dev/null >&5
Reading specs from /usr/lib/gcc-lib/i386-redhat-linux/3.2.2/specs
Configured with: ../configure --prefix=/usr --mandir=/usr/share/man --infodir=/usr/share/info --enable-shared --enable-threads=posix --disable-checking --with-system-zlib --enable-__cxa_atexit --host=i386-redhat-linux
Thread model: posix
gcc version 3.2.2 20030222 (Red Hat Linux 3.2.2-5)
configure:1684: $? = 0
configure:1686: gcc -V </dev/null >&5
gcc: argument to `-V' is missing
configure:1689: $? = 1
configure:1712: checking for C compiler default output file name
configure:1715: gcc    conftest.c  >&5
configure:1718: $? = 0
configure:1764: result: a.out
configure:1769: checking whether the C compiler works
configure:1775: ./a.out
configure:1778: $? = 0
configure:1795: result: yes
configure:1802: checking whether we are cross compiling
configure:1804: result: no
configure:1807: checking for suffix of executables
configure:1809: gcc -o conftest    conftest.c  >&5
configure:1812: $? = 0
configure:1837: result: 
configure:1843: checking for suffix of object files
configure:1864: gcc -c   conftest.c >&5
configure:1867: $? = 0
configure:1889: result: o
configure:1893: checking whether we are using the GNU C compiler
configure:1917: gcc -c   conftest.c >&5
configure:1923: $? = 0
configure:1927: test -z 
			 || test ! -s conftest.err
configure:1930: $? = 0
configure:1933: test -s conftest.o
configure:1936: $? = 0
configure:1949: result: yes
configure:1955: checking whether gcc accepts -g
configure:1976: gcc -c -g  conftest.c >&5
configure:1982: $? = 0
configure:1986: test -z 
			 || test ! -s conftest.err
configure:1989: $? = 0
configure:1992: test -s conftest.o
configure:1995: $? = 0
configure:2006: result: yes
configure:2023: checking for gcc option to accept ANSI C
configure:2093: gcc  -c -g -O2  conftest.c >&5
configure:2099: $? = 0
configure:2103: test -z 
			 || test ! -s conftest.err
configure:2106: $? = 0
configure:2109: test -s conftest.o
configure:2112: $? = 0
configure:2130: result: none needed
configure:2148: gcc -c -g -O2  conftest.c >&5
conftest.c:2: parse error before "me"
configure:2154: $? = 1
configure: failed program was:
| #ifndef __cplusplus
|   choke me
| #endif
configure:2292: checking how to run the C preprocessor
configure:2327: gcc -E  conftest.c
configure:2333: $? = 0
configure:2365: gcc -E  conftest.c
conftest.c:9:28: ac_nonexistent.h: No such file or directory
configure:2371: $? = 1
configure: failed program was:
| /* confdefs.h.  */
| 
| #define PACKAGE_NAME "gtalk"
| #define PACKAGE_TARNAME "gtalk"
| #define PACKAGE_VERSION "1.5"
| #define PACKAGE_STRING "gtalk 1.5"
| #define PACKAGE_BUGREPORT "galateatalk-dev@lists.sourceforge.jp"
| /* end confdefs.h.  */
| #include <ac_nonexistent.h>
configure:2410: result: gcc -E
configure:2434: gcc -E  conftest.c
configure:2440: $? = 0
configure:2472: gcc -E  conftest.c
conftest.c:9:28: ac_nonexistent.h: No such file or directory
configure:2478: $? = 1
configure: failed program was:
| /* confdefs.h.  */
| 
| #define PACKAGE_NAME "gtalk"
| #define PACKAGE_TARNAME "gtalk"
| #define PACKAGE_VERSION "1.5"
| #define PACKAGE_STRING "gtalk 1.5"
| #define PACKAGE_BUGREPORT "galateatalk-dev@lists.sourceforge.jp"
| /* end confdefs.h.  */
| #include <ac_nonexistent.h>
configure:2524: checking for rm
configure:2542: found /bin/rm
configure:2554: result: /bin/rm
configure:2563: checking for tar
configure:2581: found /bin/tar
configure:2593: result: /bin/tar
configure:2602: checking for gzip
configure:2620: found /usr/bin/gzip
configure:2632: result: /usr/bin/gzip
configure:2646: checking build system type
configure:2664: result: i686-pc-linux-gnu
configure:2672: checking host system type
configure:2686: result: i686-pc-linux-gnu
configure:2696: checking for log in -lm
configure:2726: gcc -o conftest -g -O2   conftest.c -lm   >&5
configure:2732: $? = 0
configure:2736: test -z 
			 || test ! -s conftest.err
configure:2739: $? = 0
configure:2742: test -s conftest
configure:2745: $? = 0
configure:2758: result: yes
configure:2800: checking audio device
configure:3208: result: linux
configure:3210: checking for /usr/include/sys/soundcard.h
configure:3225: result: yes
configure:3331: checking for pthread_create in -lpthread
configure:3361: gcc -o conftest -Wall -O2   conftest.c -lpthread  -lm  >&5
configure:3367: $? = 0
configure:3371: test -z 
			 || test ! -s conftest.err
configure:3374: $? = 0
configure:3377: test -s conftest
configure:3380: $? = 0
configure:3393: result: yes
configure:3409: checking whether byte ordering is bigendian
configure:3436: gcc -c -Wall -O2  conftest.c >&5
configure:3442: $? = 0
configure:3446: test -z 
			 || test ! -s conftest.err
configure:3449: $? = 0
configure:3452: test -s conftest.o
configure:3455: $? = 0
configure:3479: gcc -c -Wall -O2  conftest.c >&5
conftest.c: In function `main':
conftest.c:18: `not' undeclared (first use in this function)
conftest.c:18: (Each undeclared identifier is reported only once
conftest.c:18: for each function it appears in.)
conftest.c:18: parse error before "big"
configure:3485: $? = 1
configure: failed program was:
| /* confdefs.h.  */
| 
| #define PACKAGE_NAME "gtalk"
| #define PACKAGE_TARNAME "gtalk"
| #define PACKAGE_VERSION "1.5"
| #define PACKAGE_STRING "gtalk 1.5"
| #define PACKAGE_BUGREPORT "galateatalk-dev@lists.sourceforge.jp"
| #define LINUX 1
| #define AUTO_DA 1
| /* end confdefs.h.  */
| #include <sys/types.h>
| #include <sys/param.h>
| 
| int
| main ()
| {
| #if BYTE_ORDER != BIG_ENDIAN
|  not big endian
| #endif
| 
|   ;
|   return 0;
| }
configure:3620: result: no
configure:3657: checking readline/readline.h usability
configure:3669: gcc -c -Wall -O2  conftest.c >&5
configure:3675: $? = 0
configure:3679: test -z 
			 || test ! -s conftest.err
configure:3682: $? = 0
configure:3685: test -s conftest.o
configure:3688: $? = 0
configure:3698: result: yes
configure:3702: checking readline/readline.h presence
configure:3712: gcc -E  conftest.c
configure:3718: $? = 0
configure:3738: result: yes
configure:3773: checking for readline/readline.h
configure:3780: result: yes
configure:3785: checking for readline in -lreadline
configure:3815: gcc -o conftest -Wall -O2   conftest.c -lreadline  -lm  -lpthread -ldl >&5
/usr/lib/gcc-lib/i386-redhat-linux/3.2.2/../../../libreadline.so: undefined reference to `tgetnum'
/usr/lib/gcc-lib/i386-redhat-linux/3.2.2/../../../libreadline.so: undefined reference to `tgoto'
/usr/lib/gcc-lib/i386-redhat-linux/3.2.2/../../../libreadline.so: undefined reference to `tgetflag'
/usr/lib/gcc-lib/i386-redhat-linux/3.2.2/../../../libreadline.so: undefined reference to `BC'
/usr/lib/gcc-lib/i386-redhat-linux/3.2.2/../../../libreadline.so: undefined reference to `tputs'
/usr/lib/gcc-lib/i386-redhat-linux/3.2.2/../../../libreadline.so: undefined reference to `PC'
/usr/lib/gcc-lib/i386-redhat-linux/3.2.2/../../../libreadline.so: undefined reference to `tgetent'
/usr/lib/gcc-lib/i386-redhat-linux/3.2.2/../../../libreadline.so: undefined reference to `UP'
/usr/lib/gcc-lib/i386-redhat-linux/3.2.2/../../../libreadline.so: undefined reference to `tgetstr'
collect2: ld returned 1 exit status
configure:3821: $? = 1
configure: failed program was:
| /* confdefs.h.  */
| 
| #define PACKAGE_NAME "gtalk"
| #define PACKAGE_TARNAME "gtalk"
| #define PACKAGE_VERSION "1.5"
| #define PACKAGE_STRING "gtalk 1.5"
| #define PACKAGE_BUGREPORT "galateatalk-dev@lists.sourceforge.jp"
| #define LINUX 1
| #define AUTO_DA 1
| #define WORDS_LITTLEENDIAN 1
| /* end confdefs.h.  */
| 
| /* Override any gcc2 internal prototype to avoid an error.  */
| #ifdef __cplusplus
| extern "C"
| #endif
| /* We use char because int might match the return type of a gcc2
|    builtin and then its argument prototype would still apply.  */
| char readline ();
| int
| main ()
| {
| readline ();
|   ;
|   return 0;
| }
configure:3847: result: no
configure:3853: checking for readline in -lreadline with -ltermcap
configure:3874: gcc -o conftest -Wall -O2   conftest.c -lm  -lpthread -ldl -lreadline -ltermcap >&5
configure:3880: $? = 0
configure:3884: test -z 
			 || test ! -s conftest.err
configure:3887: $? = 0
configure:3890: test -s conftest
configure:3893: $? = 0
configure:3895: result: "yes"
configure:3975: checking for readline verion > 4.1
configure:3991: result: no - use old func
configure:5372: creating ./config.status

## ---------------------- ##
## Running config.status. ##
## ---------------------- ##

This file was extended by gtalk config.status 1.5, which was
generated by GNU Autoconf 2.59.  Invocation command line was

  CONFIG_FILES    = 
  CONFIG_HEADERS  = 
  CONFIG_LINKS    = 
  CONFIG_COMMANDS = 
  $ ./config.status 

on hippo

config.status:647: creating Makefile

## ---------------- ##
## Cache variables. ##
## ---------------- ##

ac_cv_build=i686-pc-linux-gnu
ac_cv_build_alias=i686-pc-linux-gnu
ac_cv_c_bigendian=no
ac_cv_c_compiler_gnu=yes
ac_cv_env_CC_set=
ac_cv_env_CC_value=
ac_cv_env_CFLAGS_set=
ac_cv_env_CFLAGS_value=
ac_cv_env_CPPFLAGS_set=
ac_cv_env_CPPFLAGS_value=
ac_cv_env_CPP_set=
ac_cv_env_CPP_value=
ac_cv_env_LDFLAGS_set=
ac_cv_env_LDFLAGS_value=
ac_cv_env_build_alias_set=
ac_cv_env_build_alias_value=
ac_cv_env_host_alias_set=
ac_cv_env_host_alias_value=
ac_cv_env_target_alias_set=
ac_cv_env_target_alias_value=
ac_cv_exeext=
ac_cv_file__usr_include_sys_soundcard_h=yes
ac_cv_header_readline_readline_h=yes
ac_cv_host=i686-pc-linux-gnu
ac_cv_host_alias=i686-pc-linux-gnu
ac_cv_lib_m_log=yes
ac_cv_lib_pthread_pthread_create=yes
ac_cv_lib_readline_readline=no
ac_cv_objext=o
ac_cv_path_GZIP=/usr/bin/gzip
ac_cv_path_RM=/bin/rm
ac_cv_path_TAR=/bin/tar
ac_cv_prog_CPP='gcc -E'
ac_cv_prog_ac_ct_CC=gcc
ac_cv_prog_cc_g=yes
ac_cv_prog_cc_stdc=

## ----------------- ##
## Output variables. ##
## ----------------- ##

CC='gcc'
CFLAGS='-Wall -O2'
CHASEN_CONFIG=''
CPP='gcc -E'
CPPFLAGS=''
DEFS='-DPACKAGE_NAME=\"gtalk\" -DPACKAGE_TARNAME=\"gtalk\" -DPACKAGE_VERSION=\"1.5\" -DPACKAGE_STRING=\"gtalk\ 1.5\" -DPACKAGE_BUGREPORT=\"galateatalk-dev@lists.sourceforge.jp\" -DLINUX=1 -DAUTO_DA=1 -DWORDS_LITTLEENDIAN=1 -DHAVE_READLINE=1 -DHAVE_READLINE_4_1_OLDER=1 '
ECHO_C=''
ECHO_N='-n'
ECHO_T=''
EGREP=''
EXEEXT=''
GZIP='/usr/bin/gzip'
LDFLAGS=''
LIBOBJS=''
LIBS='-lm  -lpthread -ldl -lreadline -ltermcap'
LTLIBOBJS=''
OBJEXT='o'
PACKAGE_BUGREPORT='galateatalk-dev@lists.sourceforge.jp'
PACKAGE_NAME='gtalk'
PACKAGE_STRING='gtalk 1.5'
PACKAGE_TARNAME='gtalk'
PACKAGE_VERSION='1.5'
PATH_SEPARATOR=':'
RM='/bin/rm'
SHELL='/bin/sh'
TAR='/bin/tar'
XML2_CONFIG=''
XSLT_CONFIG=''
ac_ct_CC='gcc'
bindir='${exec_prefix}/bin'
build='i686-pc-linux-gnu'
build_alias=''
build_cpu='i686'
build_os='linux-gnu'
build_vendor='pc'
datadir='${prefix}/share'
exec_prefix='${prefix}'
host='i686-pc-linux-gnu'
host_alias=''
host_cpu='i686'
host_os='linux-gnu'
host_vendor='pc'
includedir='${prefix}/include'
infodir='${prefix}/info'
libdir='${exec_prefix}/lib'
libexecdir='${exec_prefix}/libexec'
localstatedir='${prefix}/var'
mandir='${prefix}/man'
oldincludedir='/usr/include'
prefix='/usr/local'
program_transform_name='s,x,x,'
sbindir='${exec_prefix}/sbin'
sharedstatedir='${prefix}/com'
sysconfdir='${prefix}/etc'
target_alias=''

## ----------- ##
## confdefs.h. ##
## ----------- ##

#define AUTO_DA 1
#define HAVE_READLINE 1
#define HAVE_READLINE_4_1_OLDER 1
#define LINUX 1
#define PACKAGE_BUGREPORT "galateatalk-dev@lists.sourceforge.jp"
#define PACKAGE_NAME "gtalk"
#define PACKAGE_STRING "gtalk 1.5"
#define PACKAGE_TARNAME "gtalk"
#define PACKAGE_VERSION "1.5"
#define WORDS_LITTLEENDIAN 1

configure: exit 0
